 ゲームの初期化が完了しました。
 UI.updateStatusDisplay called with status: Object
 _notifyListeners: notifying 1 listeners
 UI.updateStatusDisplay called with status: Object
 UI.updateStatusDisplay called with status: Object
:5500/favicon.ico:1  Failed to load resource: the server responded with a status of 404 (Not Found)
 _notifyListeners: notifying 1 listeners
 UI.updateStatusDisplay called with status: Object
 Entering changeStats. Changes: Object
 Current playerStatus.stats before change: Object
 Changing academic: 10 + 6
 New value for academic: 16
 Changing condition: 100 + -3
 New value for condition: 97
 Exiting changeStats. Final playerStatus.stats: Object
 Stats changes applied: Object
 Current player stats after changes: Object
 _notifyListeners: notifying 1 listeners
 UI.updateStatusDisplay called with status: Object
 UI.updateStatusDisplay called with status: Object
 Turn advanced to: Day 1, 放課後
 _notifyListeners: notifying 1 listeners
 UI.updateStatusDisplay called with status: Object
 _notifyListeners: notifying 1 listeners
 UI.updateStatusDisplay called with status: Object
 _notifyListeners: notifying 1 listeners
 UI.updateStatusDisplay called with status: Object
 _notifyListeners: notifying 1 listeners
 UI.updateStatusDisplay called with status: Object
 UI.updateStatusDisplay called with status: Object
 _notifyListeners: notifying 1 listeners
 UI.updateStatusDisplay called with status: Object
 Entering changeStats. Changes: Object
 Current playerStatus.stats before change: Object
 Changing academic: 16 + 4
 New value for academic: 20
 Changing condition: 97 + -5
 New value for condition: 92
 Exiting changeStats. Final playerStatus.stats: Object
 Stats changes applied: Object
 Current player stats after changes: Object
 _notifyListeners: notifying 1 listeners
 UI.updateStatusDisplay called with status: Object
 UI.updateStatusDisplay called with status: Object
 Turn advanced to: Day 1, 夜
 _notifyListeners: notifying 1 listeners
 UI.updateStatusDisplay called with status: Object
 UI.updateStatusDisplay called with status: Object
 _notifyListeners: notifying 1 listeners
 UI.updateStatusDisplay called with status: Object
 Entering changeStats. Changes: Object
 Current playerStatus.stats before change: Object
 Changing academic: 20 + 4
 New value for academic: 24
 Changing condition: 92 + -5
 New value for condition: 87
 Exiting changeStats. Final playerStatus.stats: Object
 Stats changes applied: Object
 Current player stats after changes: Object
 _notifyListeners: notifying 1 listeners
 UI.updateStatusDisplay called with status: Object
 UI.updateStatusDisplay called with status: Object
 Turn advanced to: Day 2, 午前
 _notifyListeners: notifying 1 listeners
 UI.updateStatusDisplay called with status: Object
 UI.updateStatusDisplay called with status: Object
 Entering changeStats. Changes: Object
 Current playerStatus.stats before change: Object
 Changing condition: 87 + 10
 New value for condition: 97
 Exiting changeStats. Final playerStatus.stats: Object
 Stats changes applied: Object
 Current player stats after changes: Object
 _notifyListeners: notifying 1 listeners
 UI.updateStatusDisplay called with status: Object
 UI.updateStatusDisplay called with status: Object
 _notifyListeners: notifying 1 listeners
 UI.updateStatusDisplay called with status: Object
 Entering changeStats. Changes: Object
 Current playerStatus.stats before change: Object
 Changing academic: 24 + 6
 New value for academic: 30
 Changing condition: 97 + -3
 New value for condition: 94
 Exiting changeStats. Final playerStatus.stats: Object
 Stats changes applied: Object
 Current player stats after changes: Object
 _notifyListeners: notifying 1 listeners
 UI.updateStatusDisplay called with status: Object
 UI.updateStatusDisplay called with status: Object
 Turn advanced to: Day 2, 放課後
 _notifyListeners: notifying 1 listeners
 UI.updateStatusDisplay called with status: Object
 UI.updateStatusDisplay called with status: Object
 _notifyListeners: notifying 1 listeners
 UI.updateStatusDisplay called with status: Object
 Entering changeStats. Changes: Object
 Current playerStatus.stats before change: Object
 Changing academic: 30 + 4
 New value for academic: 34
 Changing condition: 94 + -5
 New value for condition: 89
 Exiting changeStats. Final playerStatus.stats: Object
 Stats changes applied: Object
 Current player stats after changes: Object
 _notifyListeners: notifying 1 listeners
 UI.updateStatusDisplay called with status: Object
 UI.updateStatusDisplay called with status: Object
 Turn advanced to: Day 2, 夜
 _notifyListeners: notifying 1 listeners
 UI.updateStatusDisplay called with status: Object
 UI.updateStatusDisplay called with status: Object
 _notifyListeners: notifying 1 listeners
 UI.updateStatusDisplay called with status: Object
 Entering changeStats. Changes: Object
 Current playerStatus.stats before change: Object
 Changing academic: 34 + 4
 New value for academic: 38
 Changing condition: 89 + -5
 New value for condition: 84
 Exiting changeStats. Final playerStatus.stats: Object
 Stats changes applied: Object
 Current player stats after changes: Object
 _notifyListeners: notifying 1 listeners
 UI.updateStatusDisplay called with status: Object
 UI.updateStatusDisplay called with status: Object
 Turn advanced to: Day 3, 午前
 _notifyListeners: notifying 1 listeners
 UI.updateStatusDisplay called with status: Object
 UI.updateStatusDisplay called with status: Object
 Entering changeStats. Changes: Object
 Current playerStatus.stats before change: Object
 Changing condition: 84 + 10
 New value for condition: 94
 Exiting changeStats. Final playerStatus.stats: Object
 Stats changes applied: Object
 Current player stats after changes: Object
 _notifyListeners: notifying 1 listeners
 UI.updateStatusDisplay called with status: Object
 UI.updateStatusDisplay called with status: Object
 _notifyListeners: notifying 1 listeners
 UI.updateStatusDisplay called with status: Object
 Entering changeStats. Changes: Object
 Current playerStatus.stats before change: Object
 Changing academic: 38 + 6
 New value for academic: 44
 Changing condition: 94 + -3
 New value for condition: 91
 Exiting changeStats. Final playerStatus.stats: Object
 Stats changes applied: Object
 Current player stats after changes: Object
 _notifyListeners: notifying 1 listeners
 UI.updateStatusDisplay called with status: Object
 UI.updateStatusDisplay called with status: Object
 Turn advanced to: Day 3, 放課後
 _notifyListeners: notifying 1 listeners
 UI.updateStatusDisplay called with status: Object
 UI.updateStatusDisplay called with status: Object
 _notifyListeners: notifying 1 listeners
 UI.updateStatusDisplay called with status: Object
 Entering changeStats. Changes: Object
 Current playerStatus.stats before change: Object
 Changing academic: 44 + 4
 New value for academic: 48
 Changing condition: 91 + -5
 New value for condition: 86
 Exiting changeStats. Final playerStatus.stats: Object
 Stats changes applied: Object
 Current player stats after changes: Object
 _notifyListeners: notifying 1 listeners
 UI.updateStatusDisplay called with status: Object
 UI.updateStatusDisplay called with status: Object
 Turn advanced to: Day 3, 夜
 _notifyListeners: notifying 1 listeners
 UI.updateStatusDisplay called with status: Object
 UI.updateStatusDisplay called with status: Object
 _notifyListeners: notifying 1 listeners
 UI.updateStatusDisplay called with status: Object
 Entering changeStats. Changes: Object
 Current playerStatus.stats before change: Object
 Changing academic: 48 + 4
 New value for academic: 52
 Changing condition: 86 + -5
 New value for condition: 81
 Exiting changeStats. Final playerStatus.stats: Object
 Stats changes applied: Object
 Current player stats after changes: Object
 _notifyListeners: notifying 1 listeners
 UI.updateStatusDisplay called with status: Object
 UI.updateStatusDisplay called with status: Object
 Turn advanced to: Day 4, 午前
 _notifyListeners: notifying 1 listeners
 UI.updateStatusDisplay called with status: Object
 UI.updateStatusDisplay called with status: Object
 Entering changeStats. Changes: Object
 Current playerStatus.stats before change: Object
 Changing condition: 81 + 10
 New value for condition: 91
 Exiting changeStats. Final playerStatus.stats: Object
 Stats changes applied: Object
 Current player stats after changes: Object
 _notifyListeners: notifying 1 listeners
 UI.updateStatusDisplay called with status: Object
 UI.updateStatusDisplay called with status: Object
 _notifyListeners: notifying 1 listeners
 UI.updateStatusDisplay called with status: Object
 Entering changeStats. Changes: Object
 Current playerStatus.stats before change: Object
 Changing academic: 52 + 4
 New value for academic: 56
 Changing condition: 91 + -5
 New value for condition: 86
 Exiting changeStats. Final playerStatus.stats: Object
 Stats changes applied: Object
 Current player stats after changes: Object
 _notifyListeners: notifying 1 listeners
 UI.updateStatusDisplay called with status: Object
 UI.updateStatusDisplay called with status: Object
 Turn advanced to: Day 4, 放課後
 _notifyListeners: notifying 1 listeners
 UI.updateStatusDisplay called with status: Object
 UI.updateStatusDisplay called with status: Object
 _notifyListeners: notifying 1 listeners
 UI.updateStatusDisplay called with status: Object
 Entering changeStats. Changes: Object
 Current playerStatus.stats before change: Object
 Changing academic: 56 + 4
 New value for academic: 60
 Changing condition: 86 + -5
 New value for condition: 81
 Exiting changeStats. Final playerStatus.stats: Object
 Stats changes applied: Object
 Current player stats after changes: Object
 _notifyListeners: notifying 1 listeners
 UI.updateStatusDisplay called with status: Object
 UI.updateStatusDisplay called with status: Object
 Turn advanced to: Day 4, 夜
 _notifyListeners: notifying 1 listeners
 UI.updateStatusDisplay called with status: Object
 UI.updateStatusDisplay called with status: Object
 _notifyListeners: notifying 1 listeners
 UI.updateStatusDisplay called with status: Object
 Entering changeStats. Changes: Object
 Current playerStatus.stats before change: Object
 Changing academic: 60 + 4
 New value for academic: 64
 Changing condition: 81 + -5
 New value for condition: 76
 Exiting changeStats. Final playerStatus.stats: Object
 Stats changes applied: Object
 Current player stats after changes: Object
 _notifyListeners: notifying 1 listeners
 UI.updateStatusDisplay called with status: Object
 UI.updateStatusDisplay called with status: Object
 Turn advanced to: Day 5, 午前
 _notifyListeners: notifying 1 listeners
 UI.updateStatusDisplay called with status: Object
 UI.updateStatusDisplay called with status: Object
 Entering changeStats. Changes: Object
 Current playerStatus.stats before change: Object
 Changing condition: 76 + 10
 New value for condition: 86
 Exiting changeStats. Final playerStatus.stats: Object
 Stats changes applied: Object
 Current player stats after changes: Object
 _notifyListeners: notifying 1 listeners
 UI.updateStatusDisplay called with status: Object
 UI.updateStatusDisplay called with status: Object
 _notifyListeners: notifying 1 listeners
 UI.updateStatusDisplay called with status: Object
 Entering changeStats. Changes: Object
 Current playerStatus.stats before change: Object
 Changing academic: 64 + 4
 New value for academic: 68
 Changing condition: 86 + -5
 New value for condition: 81
 Exiting changeStats. Final playerStatus.stats: Object
 Stats changes applied: Object
 Current player stats after changes: Object
 _notifyListeners: notifying 1 listeners
 UI.updateStatusDisplay called with status: Object
 UI.updateStatusDisplay called with status: Object
 Turn advanced to: Day 5, 放課後
 _notifyListeners: notifying 1 listeners
 UI.updateStatusDisplay called with status: Object
 UI.updateStatusDisplay called with status: Object
 _notifyListeners: notifying 1 listeners
 UI.updateStatusDisplay called with status: Object
 Entering changeStats. Changes: Object
 Current playerStatus.stats before change: Object
 Changing academic: 68 + 4
 New value for academic: 72
 Changing condition: 81 + -5
 New value for condition: 76
 Exiting changeStats. Final playerStatus.stats: Object
 Stats changes applied: Object
 Current player stats after changes: Object
 _notifyListeners: notifying 1 listeners
 UI.updateStatusDisplay called with status: Object
 UI.updateStatusDisplay called with status: Object
 Turn advanced to: Day 5, 夜
 _notifyListeners: notifying 1 listeners
 UI.updateStatusDisplay called with status: Object
 UI.updateStatusDisplay called with status: Object
 _notifyListeners: notifying 1 listeners
 UI.updateStatusDisplay called with status: Object
 Entering changeStats. Changes: Object
 Current playerStatus.stats before change: Object
 Changing academic: 72 + 4
gameManager.js:252 New value for academic: 76
gameManager.js:240 Changing condition: 76 + -5
gameManager.js:252 New value for condition: 71
gameManager.js:265 Exiting changeStats. Final playerStatus.stats: Object
gameManager.js:48 Stats changes applied: Object
gameManager.js:49 Current player stats after changes: Object
gameManager.js:158 _notifyListeners: notifying 1 listeners
ui.js:58 UI.updateStatusDisplay called with status: Object
ui.js:58 UI.updateStatusDisplay called with status: Object
gameManager.js:280 Turn advanced to: Day 6, 午前
gameManager.js:158 _notifyListeners: notifying 1 listeners
ui.js:58 UI.updateStatusDisplay called with status: Object
ui.js:58 UI.updateStatusDisplay called with status: Object
gameManager.js:235 Entering changeStats. Changes: Object
gameManager.js:236 Current playerStatus.stats before change: Object
gameManager.js:240 Changing condition: 71 + 10
gameManager.js:252 New value for condition: 81
gameManager.js:265 Exiting changeStats. Final playerStatus.stats: Object
gameManager.js:48 Stats changes applied: Object
gameManager.js:49 Current player stats after changes: Object
gameManager.js:158 _notifyListeners: notifying 1 listeners
ui.js:58 UI.updateStatusDisplay called with status: Object
ui.js:58 UI.updateStatusDisplay called with status: Object
gameManager.js:158 _notifyListeners: notifying 1 listeners
ui.js:58 UI.updateStatusDisplay called with status: Object
gameManager.js:235 Entering changeStats. Changes: Object
gameManager.js:236 Current playerStatus.stats before change: Object
gameManager.js:240 Changing academic: 76 + 6
gameManager.js:252 New value for academic: 82
gameManager.js:240 Changing condition: 81 + -3
gameManager.js:252 New value for condition: 78
gameManager.js:265 Exiting changeStats. Final playerStatus.stats: Object
gameManager.js:48 Stats changes applied: Object
gameManager.js:49 Current player stats after changes: Object
gameManager.js:158 _notifyListeners: notifying 1 listeners
ui.js:58 UI.updateStatusDisplay called with status: Object
ui.js:58 UI.updateStatusDisplay called with status: Object
gameManager.js:280 Turn advanced to: Day 6, 放課後
gameManager.js:158 _notifyListeners: notifying 1 listeners
ui.js:58 UI.updateStatusDisplay called with status: Object
ui.js:58 UI.updateStatusDisplay called with status: Object
gameManager.js:158 _notifyListeners: notifying 1 listeners
ui.js:58 UI.updateStatusDisplay called with status: Object
gameManager.js:235 Entering changeStats. Changes: Object
gameManager.js:236 Current playerStatus.stats before change: Object
gameManager.js:240 Changing academic: 82 + 4
gameManager.js:252 New value for academic: 86
gameManager.js:240 Changing condition: 78 + -5
gameManager.js:252 New value for condition: 73
gameManager.js:265 Exiting changeStats. Final playerStatus.stats: Object
gameManager.js:48 Stats changes applied: Object
gameManager.js:49 Current player stats after changes: Object
gameManager.js:158 _notifyListeners: notifying 1 listeners
ui.js:58 UI.updateStatusDisplay called with status: Object
ui.js:58 UI.updateStatusDisplay called with status: Object
gameManager.js:280 Turn advanced to: Day 6, 夜
gameManager.js:158 _notifyListeners: notifying 1 listeners
ui.js:58 UI.updateStatusDisplay called with status: Object
ui.js:58 UI.updateStatusDisplay called with status: Object
gameManager.js:158 _notifyListeners: notifying 1 listeners
ui.js:58 UI.updateStatusDisplay called with status: Object
gameManager.js:235 Entering changeStats. Changes: Object
gameManager.js:236 Current playerStatus.stats before change: Object
gameManager.js:240 Changing academic: 86 + 4
gameManager.js:252 New value for academic: 90
gameManager.js:240 Changing condition: 73 + -5
gameManager.js:252 New value for condition: 68
gameManager.js:265 Exiting changeStats. Final playerStatus.stats: Object
gameManager.js:48 Stats changes applied: Object
gameManager.js:49 Current player stats after changes: Object
gameManager.js:158 _notifyListeners: notifying 1 listeners
ui.js:58 UI.updateStatusDisplay called with status: Object
ui.js:58 UI.updateStatusDisplay called with status: Object
gameManager.js:280 Turn advanced to: Day 7, 午前
gameManager.js:158 _notifyListeners: notifying 1 listeners
ui.js:58 UI.updateStatusDisplay called with status: Object
gameManager.js:158 _notifyListeners: notifying 1 listeners
ui.js:58 UI.updateStatusDisplay called with status: Object
gameManager.js:158 _notifyListeners: notifying 1 listeners
ui.js:58 UI.updateStatusDisplay called with status: Object
ui.js:58 UI.updateStatusDisplay called with status: Object
gameManager.js:235 Entering changeStats. Changes: Object
gameManager.js:236 Current playerStatus.stats before change: Object
gameManager.js:240 Changing condition: 68 + 10
gameManager.js:252 New value for condition: 78
gameManager.js:265 Exiting changeStats. Final playerStatus.stats: Object
gameManager.js:48 Stats changes applied: Object
gameManager.js:49 Current player stats after changes: Object
gameManager.js:158 _notifyListeners: notifying 1 listeners
ui.js:58 UI.updateStatusDisplay called with status: Object
ui.js:58 UI.updateStatusDisplay called with status: Object
